[debug] [2022-01-29T02:07:39.853Z] ----------------------------------------------------------------------
[debug] [2022-01-29T02:07:39.854Z] Command:       C:\Program Files (x86)\nodejs\node.exe C:\Users\Ezequiel\AppData\Roaming\npm\node_modules\firebase-tools\lib\bin\firebase.js init
[debug] [2022-01-29T02:07:39.855Z] CLI Version:   10.1.2
[debug] [2022-01-29T02:07:39.855Z] Platform:      win32
[debug] [2022-01-29T02:07:39.855Z] Node Version:  v14.17.0
[debug] [2022-01-29T02:07:39.855Z] Time:          Fri Jan 28 2022 20:07:39 GMT-0600 (Central Standard Time)
[debug] [2022-01-29T02:07:39.855Z] ----------------------------------------------------------------------
[debug] 
[debug] [2022-01-29T02:07:39.857Z] >>> [apiv2][query] GET https://firebase-public.firebaseio.com/cli.json [none]
[debug] [2022-01-29T02:07:39.872Z] > command requires scopes: ["email","openid","https://www.googleapis.com/auth/cloudplatformprojects.readonly","https://www.googleapis.com/auth/firebase","https://www.googleapis.com/auth/cloud-platform"]
[debug] [2022-01-29T02:07:39.872Z] > authorizing via signed-in user (ezequiel24tam@gmail.com)
[info] 
     ######## #### ########  ######## ########     ###     ######  ########
     ##        ##  ##     ## ##       ##     ##  ##   ##  ##       ##
     ######    ##  ########  ######   ########  #########  ######  ######
     ##        ##  ##    ##  ##       ##     ## ##     ##       ## ##
     ##       #### ##     ## ######## ########  ##     ##  ######  ########

You're about to initialize a Firebase project in this directory:

  C:\Users\Ezequiel\Desktop\testing

[debug] [2022-01-29T02:07:40.187Z] <<< [apiv2][status] GET https://firebase-public.firebaseio.com/cli.json 200
[debug] [2022-01-29T02:07:40.187Z] <<< [apiv2][body] GET https://firebase-public.firebaseio.com/cli.json {"cloudBuildErrorAfter":1594252800000,"cloudBuildWarnAfter":1590019200000,"defaultNode10After":1594252800000,"minVersion":"3.0.5","node8DeploysDisabledAfter":1613390400000,"node8RuntimeDisabledAfter":1615809600000,"node8WarnAfter":1600128000000}
